  
*** Using Compiler 'V6.7', folder: 'C:\Keil_v5\ARM\ARMCLANG\Bin'
Build target 'PanelOSC'
assembling startup_stm32f429xx.s...
compiling system_stm32f4xx.c...
compiling stm32f4xx_hal.c...
compiling stm32f4xx_hal_cortex.c...
compiling stm32f4xx_hal_dma.c...
compiling stm32f4xx_hal_gpio.c...
compiling stm32f4xx_hal_pwr.c...
compiling stm32f4xx_hal_tim_ex.c...
compiling stm32f4xx_hal_tim.c...
compiling stm32f4xx_hal_pwr_ex.c...
compiling stm32f4xx_hal_rcc.c...
compiling stm32f4xx_hal_rcc_ex.c...
compiling stm32f4xx_hal_ltdc.c...
compiling stm32f4xx_hal_dma2d.c...
compiling stm32f4xx_hal_msp.c...
compiling stm32f4xx_it.c...
compiling main.cpp...
compiling Display.cpp...
compiling Painter.cpp...
compiling FSMC.cpp...
compiling Font.cpp...
compiling Hardware.cpp...
compiling Timer.cpp...
compiling Decoder.cpp...
compiling Keyboard.cpp...
linking...
Program Size: Code=25776 RO-data=12756 RW-data=1112 ZI-data=166648  
".\Objects\PanelOSC.axf" - 0 Error(s), 0 Warning(s).
Build Time Elapsed:  00:00:04
